<?xml version="1.0" encoding="UTF-8"?>
<!-- Generated by org.testng.reporters.JUnitXMLReporter -->
<testsuite hostname="TYSS-MF-033" ignored="0" name="Default test" tests="1" failures="1" timestamp="30 Nov 2017 07:26:17 GMT" time="46.765" errors="0">
  <testcase name="test2" time="46.732" classname="test.chet.TC02">
    <failure type="org.openqa.selenium.WebDriverException" message="Failed to connect to binary FirefoxBinary(C:\Program Files (x86)\Mozilla Firefox\firefox.exe) on port 7055; process output follows: 
	addons.xpi	DEBUG	Calling bootstrap method startup on firefox@getpocket.com version 1.0.5
1512026733030	addons.xpi	DEBUG	Registering manifest for C:\Program Files (x86)\Mozilla Firefox\browser\features\screenshots@mozilla.org.xpi
1512026733030	addons.xpi	DEBUG	Calling bootstrap method startup on screenshots@mozilla.org version 6.6.0
1512026733030	addons.xpi	DEBUG	Registering manifest for C:\Program Files (x86)\Mozilla Firefox\browser\features\webcompat@mozilla.org.xpi
1512026733031	addons.xpi	DEBUG	Calling bootstrap method startup on webcompat@mozilla.org version 1.1
1512026733035	addons.manager	DEBUG	Registering shutdown blocker for XPIProvider
1512026733035	addons.manager	DEBUG	Provider finished startup: XPIProvider
1512026733035	addons.manager	DEBUG	Starting provider: LightweightThemeManager
1512026733035	addons.manager	DEBUG	Registering shutdown blocker for LightweightThemeManager
1512026733035	addons.manager	DEBUG	Provider finished startup: LightweightThemeManager
1512026733036	addons.manager	DEBUG	Starting provider: GMPProvider
1512026733039	addons.manager	DEBUG	Registering shutdown blocker for GMPProvider
1512026733039	addons.manager	DEBUG	Provider finished startup: GMPProvider
1512026733039	addons.manager	DEBUG	Starting provider: PluginProvider
1512026733039	addons.manager	DEBUG	Registering shutdown blocker for PluginProvider
1512026733039	addons.manager	DEBUG	Provider finished startup: PluginProvider
1512026733040	addons.manager	DEBUG	Completed startup sequence
1512026734796	DeferredSave.extensions.json	DEBUG	Starting write
1512026734803	addons.manager	DEBUG	Starting provider: &amp;lt;unnamed-provider&amp;gt;
1512026734803	addons.manager	DEBUG	Registering shutdown blocker for &amp;lt;unnamed-provider&amp;gt;
1512026734803	addons.manager	DEBUG	Provider finished startup: &amp;lt;unnamed-provider&amp;gt;
1512026734933	addons.repository	DEBUG	No addons.json found.
1512026734934	DeferredSave.addons.json	DEBUG	Save changes
1512026734936	DeferredSave.addons.json	DEBUG	Starting timer
1512026734955	addons.manager	DEBUG	Starting provider: PreviousExperimentProvider
1512026734955	addons.manager	DEBUG	Registering shutdown blocker for PreviousExperimentProvider
1512026734955	addons.manager	DEBUG	Provider finished startup: PreviousExperimentProvider
1512026734957	DeferredSave.extensions.json	DEBUG	Write succeeded
1512026734957	addons.xpi-utils	DEBUG	XPI Database saved, setting schema version preference to 19
1512026734987	DeferredSave.addons.json	DEBUG	Starting write
1512026735145	DeferredSave.addons.json	DEBUG	Write succeeded
1512026753188	addons.xpi	DEBUG	Calling bootstrap method shutdown on webcompat@mozilla.org version 1.1
1512026753188	addons.xpi	DEBUG	Calling bootstrap method shutdown on screenshots@mozilla.org version 6.6.0
1512026753189	addons.xpi	DEBUG	Calling bootstrap method shutdown on firefox@getpocket.com version 1.0.5
1512026753189	addons.xpi	DEBUG	Calling bootstrap method shutdown on e10srollout@mozilla.org version 1.50
1512026753190	addons.xpi	DEBUG	Calling bootstrap method shutdown on aushelper@mozilla.org version 2.0
[GPU 7700] WARNING: pipe error: 109: file c:/builds/moz2_slave/m-rel-w32-00000000000000000000/build/src/ipc/chromium/src/chrome/common/ipc_channel_win.cc, line 346
1512026753532	addons.manager	DEBUG	shutdown
1512026753532	addons.manager	DEBUG	Calling shutdown blocker for XPIProvider
1512026753533	addons.xpi	DEBUG	shutdown
1512026753533	addons.xpi-utils	DEBUG	shutdown
1512026753534	addons.manager	DEBUG	Calling shutdown blocker for LightweightThemeManager
1512026753535	addons.manager	DEBUG	Calling shutdown blocker for GMPProvider
1512026753537	addons.manager	DEBUG	Calling shutdown blocker for PluginProvider
1512026753538	addons.manager	DEBUG	Calling shutdown blocker for &amp;lt;unnamed-provider&amp;gt;
1512026753540	addons.manager	DEBUG	Calling shutdown blocker for PreviousExperimentProvider
1512026753543	addons.xpi	DEBUG	Notifying XPI shutdown observers
1512026753549	addons.manager	DEBUG	Async provider shutdown done

###!!! [Child][MessageChannel::SendAndWait] Error: Channel error: cannot send/recv


Build info: version: &amp;apos;2.53.0&amp;apos;, revision: &amp;apos;35ae25b1534ae328c771e0856c93e187490ca824&amp;apos;, time: &amp;apos;2016-03-15 10:43:46&amp;apos;
System info: host: &amp;apos;TYSS-MF-033&amp;apos;, ip: &amp;apos;10.10.11.65&amp;apos;, os.name: &amp;apos;Windows 10&amp;apos;, os.arch: &amp;apos;amd64&amp;apos;, os.version: &amp;apos;10.0&amp;apos;, java.version: &amp;apos;1.8.0_111&amp;apos;
Driver info: driver.version: FirefoxDriver">
      <![CDATA[org.openqa.selenium.WebDriverException: Failed to connect to binary FirefoxBinary(C:\Program Files (x86)\Mozilla Firefox\firefox.exe) on port 7055; process output follows: 
	addons.xpi	DEBUG	Calling bootstrap method startup on firefox@getpocket.com version 1.0.5
1512026733030	addons.xpi	DEBUG	Registering manifest for C:\Program Files (x86)\Mozilla Firefox\browser\features\screenshots@mozilla.org.xpi
1512026733030	addons.xpi	DEBUG	Calling bootstrap method startup on screenshots@mozilla.org version 6.6.0
1512026733030	addons.xpi	DEBUG	Registering manifest for C:\Program Files (x86)\Mozilla Firefox\browser\features\webcompat@mozilla.org.xpi
1512026733031	addons.xpi	DEBUG	Calling bootstrap method startup on webcompat@mozilla.org version 1.1
1512026733035	addons.manager	DEBUG	Registering shutdown blocker for XPIProvider
1512026733035	addons.manager	DEBUG	Provider finished startup: XPIProvider
1512026733035	addons.manager	DEBUG	Starting provider: LightweightThemeManager
1512026733035	addons.manager	DEBUG	Registering shutdown blocker for LightweightThemeManager
1512026733035	addons.manager	DEBUG	Provider finished startup: LightweightThemeManager
1512026733036	addons.manager	DEBUG	Starting provider: GMPProvider
1512026733039	addons.manager	DEBUG	Registering shutdown blocker for GMPProvider
1512026733039	addons.manager	DEBUG	Provider finished startup: GMPProvider
1512026733039	addons.manager	DEBUG	Starting provider: PluginProvider
1512026733039	addons.manager	DEBUG	Registering shutdown blocker for PluginProvider
1512026733039	addons.manager	DEBUG	Provider finished startup: PluginProvider
1512026733040	addons.manager	DEBUG	Completed startup sequence
1512026734796	DeferredSave.extensions.json	DEBUG	Starting write
1512026734803	addons.manager	DEBUG	Starting provider: <unnamed-provider>
1512026734803	addons.manager	DEBUG	Registering shutdown blocker for <unnamed-provider>
1512026734803	addons.manager	DEBUG	Provider finished startup: <unnamed-provider>
1512026734933	addons.repository	DEBUG	No addons.json found.
1512026734934	DeferredSave.addons.json	DEBUG	Save changes
1512026734936	DeferredSave.addons.json	DEBUG	Starting timer
1512026734955	addons.manager	DEBUG	Starting provider: PreviousExperimentProvider
1512026734955	addons.manager	DEBUG	Registering shutdown blocker for PreviousExperimentProvider
1512026734955	addons.manager	DEBUG	Provider finished startup: PreviousExperimentProvider
1512026734957	DeferredSave.extensions.json	DEBUG	Write succeeded
1512026734957	addons.xpi-utils	DEBUG	XPI Database saved, setting schema version preference to 19
1512026734987	DeferredSave.addons.json	DEBUG	Starting write
1512026735145	DeferredSave.addons.json	DEBUG	Write succeeded
1512026753188	addons.xpi	DEBUG	Calling bootstrap method shutdown on webcompat@mozilla.org version 1.1
1512026753188	addons.xpi	DEBUG	Calling bootstrap method shutdown on screenshots@mozilla.org version 6.6.0
1512026753189	addons.xpi	DEBUG	Calling bootstrap method shutdown on firefox@getpocket.com version 1.0.5
1512026753189	addons.xpi	DEBUG	Calling bootstrap method shutdown on e10srollout@mozilla.org version 1.50
1512026753190	addons.xpi	DEBUG	Calling bootstrap method shutdown on aushelper@mozilla.org version 2.0
[GPU 7700] WARNING: pipe error: 109: file c:/builds/moz2_slave/m-rel-w32-00000000000000000000/build/src/ipc/chromium/src/chrome/common/ipc_channel_win.cc, line 346
1512026753532	addons.manager	DEBUG	shutdown
1512026753532	addons.manager	DEBUG	Calling shutdown blocker for XPIProvider
1512026753533	addons.xpi	DEBUG	shutdown
1512026753533	addons.xpi-utils	DEBUG	shutdown
1512026753534	addons.manager	DEBUG	Calling shutdown blocker for LightweightThemeManager
1512026753535	addons.manager	DEBUG	Calling shutdown blocker for GMPProvider
1512026753537	addons.manager	DEBUG	Calling shutdown blocker for PluginProvider
1512026753538	addons.manager	DEBUG	Calling shutdown blocker for <unnamed-provider>
1512026753540	addons.manager	DEBUG	Calling shutdown blocker for PreviousExperimentProvider
1512026753543	addons.xpi	DEBUG	Notifying XPI shutdown observers
1512026753549	addons.manager	DEBUG	Async provider shutdown done

###!!! [Child][MessageChannel::SendAndWait] Error: Channel error: cannot send/recv


Build info: version: '2.53.0', revision: '35ae25b1534ae328c771e0856c93e187490ca824', time: '2016-03-15 10:43:46'
System info: host: 'TYSS-MF-033', ip: '10.10.11.65', os.name: 'Windows 10', os.arch: 'amd64', os.version: '10.0', java.version: '1.8.0_111'
Driver info: driver.version: FirefoxDriver
	at org.openqa.selenium.firefox.internal.NewProfileExtensionConnection.start(NewProfileExtensionConnection.java:125)
	at org.openqa.selenium.firefox.FirefoxDriver.startClient(FirefoxDriver.java:271)
	at org.openqa.selenium.remote.RemoteWebDriver.<init>(RemoteWebDriver.java:119)
	at org.openqa.selenium.firefox.FirefoxDriver.<init>(FirefoxDriver.java:216)
	at org.openqa.selenium.firefox.FirefoxDriver.<init>(FirefoxDriver.java:211)
	at org.openqa.selenium.firefox.FirefoxDriver.<init>(FirefoxDriver.java:207)
	at org.openqa.selenium.firefox.FirefoxDriver.<init>(FirefoxDriver.java:120)
	at test.chet.TC02.test2(TC02.java:13)
	at sun.reflect.NativeMethodAccessorImpl.invoke0(Native Method)
	at sun.reflect.NativeMethodAccessorImpl.invoke(NativeMethodAccessorImpl.java:62)
	at sun.reflect.DelegatingMethodAccessorImpl.invoke(DelegatingMethodAccessorImpl.java:43)
	at java.lang.reflect.Method.invoke(Method.java:498)
	at org.testng.internal.MethodInvocationHelper.invokeMethod(MethodInvocationHelper.java:104)
	at org.testng.internal.Invoker.invokeMethod(Invoker.java:645)
	at org.testng.internal.Invoker.invokeTestMethod(Invoker.java:851)
	at org.testng.internal.Invoker.invokeTestMethods(Invoker.java:1177)
	at org.testng.internal.TestMethodWorker.invokeTestMethods(TestMethodWorker.java:129)
	at org.testng.internal.TestMethodWorker.run(TestMethodWorker.java:112)
	at org.testng.TestRunner.privateRun(TestRunner.java:756)
	at org.testng.TestRunner.run(TestRunner.java:610)
	at org.testng.SuiteRunner.runTest(SuiteRunner.java:387)
	at org.testng.SuiteRunner.runSequentially(SuiteRunner.java:382)
	at org.testng.SuiteRunner.privateRun(SuiteRunner.java:340)
	at org.testng.SuiteRunner.run(SuiteRunner.java:289)
	at org.testng.SuiteRunnerWorker.runSuite(SuiteRunnerWorker.java:52)
	at org.testng.SuiteRunnerWorker.run(SuiteRunnerWorker.java:86)
	at org.testng.TestNG.runSuitesSequentially(TestNG.java:1293)
	at org.testng.TestNG.runSuitesLocally(TestNG.java:1218)
	at org.testng.TestNG.runSuites(TestNG.java:1133)
	at org.testng.TestNG.run(TestNG.java:1104)
	at org.testng.remote.AbstractRemoteTestNG.run(AbstractRemoteTestNG.java:132)
	at org.testng.remote.RemoteTestNG.initAndRun(RemoteTestNG.java:230)
	at org.testng.remote.RemoteTestNG.main(RemoteTestNG.java:76)
Caused by: org.openqa.selenium.firefox.NotConnectedException: Unable to connect to host 127.0.0.1 on port 7055 after 45000 ms. Firefox console output:
	addons.xpi	DEBUG	Calling bootstrap method startup on firefox@getpocket.com version 1.0.5
1512026733030	addons.xpi	DEBUG	Registering manifest for C:\Program Files (x86)\Mozilla Firefox\browser\features\screenshots@mozilla.org.xpi
1512026733030	addons.xpi	DEBUG	Calling bootstrap method startup on screenshots@mozilla.org version 6.6.0
1512026733030	addons.xpi	DEBUG	Registering manifest for C:\Program Files (x86)\Mozilla Firefox\browser\features\webcompat@mozilla.org.xpi
1512026733031	addons.xpi	DEBUG	Calling bootstrap method startup on webcompat@mozilla.org version 1.1
1512026733035	addons.manager	DEBUG	Registering shutdown blocker for XPIProvider
1512026733035	addons.manager	DEBUG	Provider finished startup: XPIProvider
1512026733035	addons.manager	DEBUG	Starting provider: LightweightThemeManager
1512026733035	addons.manager	DEBUG	Registering shutdown blocker for LightweightThemeManager
1512026733035	addons.manager	DEBUG	Provider finished startup: LightweightThemeManager
1512026733036	addons.manager	DEBUG	Starting provider: GMPProvider
1512026733039	addons.manager	DEBUG	Registering shutdown blocker for GMPProvider
1512026733039	addons.manager	DEBUG	Provider finished startup: GMPProvider
1512026733039	addons.manager	DEBUG	Starting provider: PluginProvider
1512026733039	addons.manager	DEBUG	Registering shutdown blocker for PluginProvider
1512026733039	addons.manager	DEBUG	Provider finished startup: PluginProvider
1512026733040	addons.manager	DEBUG	Completed startup sequence
1512026734796	DeferredSave.extensions.json	DEBUG	Starting write
1512026734803	addons.manager	DEBUG	Starting provider: <unnamed-provider>
1512026734803	addons.manager	DEBUG	Registering shutdown blocker for <unnamed-provider>
1512026734803	addons.manager	DEBUG	Provider finished startup: <unnamed-provider>
1512026734933	addons.repository	DEBUG	No addons.json found.
1512026734934	DeferredSave.addons.json	DEBUG	Save changes
1512026734936	DeferredSave.addons.json	DEBUG	Starting timer
1512026734955	addons.manager	DEBUG	Starting provider: PreviousExperimentProvider
1512026734955	addons.manager	DEBUG	Registering shutdown blocker for PreviousExperimentProvider
1512026734955	addons.manager	DEBUG	Provider finished startup: PreviousExperimentProvider
1512026734957	DeferredSave.extensions.json	DEBUG	Write succeeded
1512026734957	addons.xpi-utils	DEBUG	XPI Database saved, setting schema version preference to 19
1512026734987	DeferredSave.addons.json	DEBUG	Starting write
1512026735145	DeferredSave.addons.json	DEBUG	Write succeeded
1512026753188	addons.xpi	DEBUG	Calling bootstrap method shutdown on webcompat@mozilla.org version 1.1
1512026753188	addons.xpi	DEBUG	Calling bootstrap method shutdown on screenshots@mozilla.org version 6.6.0
1512026753189	addons.xpi	DEBUG	Calling bootstrap method shutdown on firefox@getpocket.com version 1.0.5
1512026753189	addons.xpi	DEBUG	Calling bootstrap method shutdown on e10srollout@mozilla.org version 1.50
1512026753190	addons.xpi	DEBUG	Calling bootstrap method shutdown on aushelper@mozilla.org version 2.0
[GPU 7700] WARNING: pipe error: 109: file c:/builds/moz2_slave/m-rel-w32-00000000000000000000/build/src/ipc/chromium/src/chrome/common/ipc_channel_win.cc, line 346
1512026753532	addons.manager	DEBUG	shutdown
1512026753532	addons.manager	DEBUG	Calling shutdown blocker for XPIProvider
1512026753533	addons.xpi	DEBUG	shutdown
1512026753533	addons.xpi-utils	DEBUG	shutdown
1512026753534	addons.manager	DEBUG	Calling shutdown blocker for LightweightThemeManager
1512026753535	addons.manager	DEBUG	Calling shutdown blocker for GMPProvider
1512026753537	addons.manager	DEBUG	Calling shutdown blocker for PluginProvider
1512026753538	addons.manager	DEBUG	Calling shutdown blocker for <unnamed-provider>
1512026753540	addons.manager	DEBUG	Calling shutdown blocker for PreviousExperimentProvider
1512026753543	addons.xpi	DEBUG	Notifying XPI shutdown observers
1512026753549	addons.manager	DEBUG	Async provider shutdown done

###!!! [Child][MessageChannel::SendAndWait] Error: Channel error: cannot send/recv


	at org.openqa.selenium.firefox.internal.NewProfileExtensionConnection.start(NewProfileExtensionConnection.java:113)
	... 32 more
]]>
    </failure>
  </testcase> <!-- test2 -->
</testsuite> <!-- Default test -->
