<?xml version="1.0" encoding="UTF-8"?>
<!-- Generated by org.testng.reporters.JUnitXMLReporter -->
<testsuite hostname="TYSS-MF-033" name="Test2" tests="7" failures="0" timestamp="5 Dec 2017 09:21:01 GMT" time="268.164" errors="0">
  <testcase name="test2" time="134.84" classname="test.chet.TC01"/>
  <testcase name="test2" time="133.309" classname="test.chet.TC02"/>
  <testcase name="test2" time="0.0" classname="test.chet.TC03"/>
  <testcase name="test2" time="0.0" classname="test.chet.TC04"/>
  <testcase name="test2" time="0.0" classname="test.chet.TC05"/>
  <testcase name="test2" time="0.0" classname="test.chet.TC06"/>
  <testcase name="test2" time="0.0" classname="test.chet.TC07"/>
</testsuite> <!-- Test2 -->
