<?xml version="1.0" encoding="UTF-8"?>
<!-- Generated by org.testng.reporters.JUnitXMLReporter -->
<testsuite hostname="TYSS-MF-033" ignored="0" name="Default test(failed)(failed)" tests="1" failures="1" timestamp="16 Nov 2017 07:33:57 GMT" time="0.635" errors="0">
  <testcase name="test11" time="0.607" classname="com.create.testng.XmlSuiteCreator">
    <failure type="java.lang.NullPointerException">
      <![CDATA[java.lang.NullPointerException
	at readexcel.ExcelValues.readData(ExcelValues.java:22)
	at com.create.testng.XmlSuiteCreator.test11(XmlSuiteCreator.java:27)
... Removed 25 stack frames]]>
    </failure>
  </testcase> <!-- test11 -->
</testsuite> <!-- Default test(failed)(failed) -->
